0 info it worked if it ends with ok
<<<<<<< Updated upstream
1 verbose cli [ 'D:\\Node js\\node.exe',
1 verbose cli   'D:\\Node js\\node_modules\\npm\\bin\\npm-cli.js',
1 verbose cli   'install',
1 verbose cli   'node-swipl' ]
2 info using npm@2.14.2
3 info using node@v4.0.0
4 verbose install initial load of C:\Users\Portatil-pc\Desktop\Clase\Jose\Repo\NodeHorarios\pruebas\package.json
5 verbose installManyTop reading scoped package data from C:\Users\Portatil-pc\Desktop\Clase\Jose\Repo\NodeHorarios\pruebas\node_modules\jsprolog\package.json
6 verbose readDependencies loading dependencies from C:\Users\Portatil-pc\Desktop\Clase\Jose\Repo\NodeHorarios\pruebas\package.json
7 silly cache add args [ 'node-swipl', null ]
8 verbose cache add spec node-swipl
9 silly cache add parsed spec Result {
9 silly cache add   raw: 'node-swipl',
9 silly cache add   scope: null,
9 silly cache add   name: 'node-swipl',
9 silly cache add   rawSpec: '',
9 silly cache add   spec: '*',
9 silly cache add   type: 'range' }
10 silly addNamed node-swipl@*
11 verbose addNamed "*" is a valid semver range for node-swipl
12 silly addNameRange { name: 'node-swipl', range: '*', hasData: false }
13 silly mapToRegistry name node-swipl
14 silly mapToRegistry using default registry
15 silly mapToRegistry registry https://registry.npmjs.org/
16 silly mapToRegistry uri https://registry.npmjs.org/node-swipl
17 verbose addNameRange registry:https://registry.npmjs.org/node-swipl not in flight; fetching
18 verbose request uri https://registry.npmjs.org/node-swipl
19 verbose request no auth needed
20 info attempt registry request try #1 at 13:26:12
21 verbose request id 105fb4e58070376c
22 verbose etag W/"5399024e-d13"
23 verbose lastModified Thu, 12 Jun 2014 01:28:46 GMT
24 http request GET https://registry.npmjs.org/node-swipl
25 http 304 https://registry.npmjs.org/node-swipl
26 silly get cb [ 304,
26 silly get   { date: 'Mon, 28 Nov 2016 12:26:11 GMT',
26 silly get     via: '1.1 varnish',
26 silly get     'cache-control': 'max-age=300',
26 silly get     etag: 'W/"5399024e-d13"',
26 silly get     age: '0',
26 silly get     connection: 'keep-alive',
26 silly get     'x-served-by': 'cache-ams4421-AMS',
26 silly get     'x-cache': 'HIT',
26 silly get     'x-cache-hits': '1',
26 silly get     'x-timer': 'S1480335971.930344,VS0,VE7',
26 silly get     vary: 'Accept-Encoding' } ]
27 verbose etag https://registry.npmjs.org/node-swipl from cache
28 verbose get saving node-swipl to C:\Users\Portatil-pc\AppData\Roaming\npm-cache\registry.npmjs.org\node-swipl\.cache.json
29 silly addNameRange number 2 { name: 'node-swipl', range: '*', hasData: true }
30 silly addNameRange versions [ 'node-swipl', [ '0.2.0' ] ]
31 silly addNamed node-swipl@0.2.0
32 verbose addNamed "0.2.0" is a plain semver version for node-swipl
33 silly cache afterAdd node-swipl@0.2.0
34 verbose afterAdd C:\Users\Portatil-pc\AppData\Roaming\npm-cache\node-swipl\0.2.0\package\package.json not in flight; writing
35 verbose afterAdd C:\Users\Portatil-pc\AppData\Roaming\npm-cache\node-swipl\0.2.0\package\package.json written
36 silly install resolved [ { name: 'node-swipl',
36 silly install resolved     version: '0.2.0',
36 silly install resolved     main: 'swipl.js',
36 silly install resolved     description: 'A node.js interface to the SWI-Prolog library',
36 silly install resolved     keywords: [ 'swi', 'prolog', 'swipl', 'logic' ],
36 silly install resolved     author:
36 silly install resolved      { name: 'Tom Klonikowski',
36 silly install resolved        email: 'klonik_t@informatik.haw-hamburg.de' },
36 silly install resolved     license: 'LGPL',
36 silly install resolved     repository:
36 silly install resolved      { type: 'git',
36 silly install resolved        url: 'git+ssh://git@github.com/jansegre/node-swipl.git' },
36 silly install resolved     directories: { src: 'src', tests: 'tests' },
36 silly install resolved     engines: { node: '>=0.10.0', libswipl: '>=5.10.0' },
36 silly install resolved     scripts: { install: 'node-gyp configure build', test: 'node tests/a.js' },
36 silly install resolved     bugs: { url: 'https://github.com/jansegre/node-swipl/issues' },
36 silly install resolved     homepage: 'https://github.com/jansegre/node-swipl',
36 silly install resolved     _id: 'node-swipl@0.2.0',
36 silly install resolved     dist:
36 silly install resolved      { shasum: '19c32d02eb9412957bb4df43fa8b6ceeab38c90b',
36 silly install resolved        tarball: 'https://registry.npmjs.org/node-swipl/-/node-swipl-0.2.0.tgz' },
36 silly install resolved     _from: 'node-swipl@*',
36 silly install resolved     _npmVersion: '1.3.24',
36 silly install resolved     _npmUser: { name: 'jansegre', email: 'jan@segre.in' },
36 silly install resolved     maintainers: [ [Object] ],
36 silly install resolved     _shasum: '19c32d02eb9412957bb4df43fa8b6ceeab38c90b',
36 silly install resolved     _resolved: 'https://registry.npmjs.org/node-swipl/-/node-swipl-0.2.0.tgz',
36 silly install resolved     readme: 'ERROR: No README data found!' } ]
37 info install node-swipl@0.2.0 into C:\Users\Portatil-pc\Desktop\Clase\Jose\Repo\NodeHorarios\pruebas
38 info installOne node-swipl@0.2.0
39 verbose installOne of node-swipl to C:\Users\Portatil-pc\Desktop\Clase\Jose\Repo\NodeHorarios\pruebas not in flight; installing
40 verbose lock using C:\Users\Portatil-pc\AppData\Roaming\npm-cache\_locks\node-swipl-ac15c3ff73cb356d.lock for C:\Users\Portatil-pc\Desktop\Clase\Jose\Repo\NodeHorarios\pruebas\node_modules\node-swipl
41 silly install write writing node-swipl 0.2.0 to C:\Users\Portatil-pc\Desktop\Clase\Jose\Repo\NodeHorarios\pruebas\node_modules\node-swipl
42 verbose unbuild node_modules\node-swipl
43 silly gentlyRm C:\Users\Portatil-pc\Desktop\Clase\Jose\Repo\NodeHorarios\pruebas\node_modules\node-swipl is being purged from base C:\Users\Portatil-pc\Desktop\Clase\Jose\Repo\NodeHorarios\pruebas
44 verbose gentlyRm don't care about contents; nuking C:\Users\Portatil-pc\Desktop\Clase\Jose\Repo\NodeHorarios\pruebas\node_modules\node-swipl
45 verbose tar unpack C:\Users\Portatil-pc\AppData\Roaming\npm-cache\node-swipl\0.2.0\package.tgz
46 verbose tar unpacking to C:\Users\Portatil-pc\Desktop\Clase\Jose\Repo\NodeHorarios\pruebas\node_modules\node-swipl
47 silly gentlyRm C:\Users\Portatil-pc\Desktop\Clase\Jose\Repo\NodeHorarios\pruebas\node_modules\node-swipl is being purged
48 verbose gentlyRm don't care about contents; nuking C:\Users\Portatil-pc\Desktop\Clase\Jose\Repo\NodeHorarios\pruebas\node_modules\node-swipl
49 silly gunzTarPerm modes [ '777', '666' ]
50 silly gunzTarPerm extractEntry package.json
51 silly gunzTarPerm modified mode [ 'package.json', 420, 438 ]
52 silly gunzTarPerm extractEntry .npmignore
53 silly gunzTarPerm modified mode [ '.npmignore', 420, 438 ]
54 silly gunzTarPerm extractEntry README.md
55 silly gunzTarPerm modified mode [ 'README.md', 420, 438 ]
56 silly gunzTarPerm extractEntry swipl.js
57 silly gunzTarPerm modified mode [ 'swipl.js', 420, 438 ]
58 silly gunzTarPerm extractEntry binding.gyp
59 silly gunzTarPerm modified mode [ 'binding.gyp', 420, 438 ]
60 silly gunzTarPerm extractEntry src/SWI-Prolog.h
61 silly gunzTarPerm modified mode [ 'src/SWI-Prolog.h', 420, 438 ]
62 silly gunzTarPerm extractEntry src/libswipl.cc
63 silly gunzTarPerm modified mode [ 'src/libswipl.cc', 420, 438 ]
64 silly gunzTarPerm extractEntry src/libswipl.h
65 silly gunzTarPerm modified mode [ 'src/libswipl.h', 420, 438 ]
66 silly gunzTarPerm extractEntry tests/a.js
67 silly gunzTarPerm modified mode [ 'tests/a.js', 420, 438 ]
68 silly gunzTarPerm extractEntry tests/fisch.js
69 silly gunzTarPerm modified mode [ 'tests/fisch.js', 420, 438 ]
70 silly gunzTarPerm extractEntry tests/org.js
71 silly gunzTarPerm modified mode [ 'tests/org.js', 420, 438 ]
72 silly gunzTarPerm extractEntry tests/fisch.pl
73 silly gunzTarPerm modified mode [ 'tests/fisch.pl', 420, 438 ]
74 verbose write writing to C:\Users\Portatil-pc\Desktop\Clase\Jose\Repo\NodeHorarios\pruebas\node_modules\node-swipl\package.json
75 info preinstall node-swipl@0.2.0
76 verbose readDependencies loading dependencies from C:\Users\Portatil-pc\Desktop\Clase\Jose\Repo\NodeHorarios\pruebas\node_modules\node-swipl\package.json
77 verbose readDependencies loading dependencies from C:\Users\Portatil-pc\Desktop\Clase\Jose\Repo\NodeHorarios\pruebas\node_modules\node-swipl\package.json
78 silly install resolved []
79 verbose about to build C:\Users\Portatil-pc\Desktop\Clase\Jose\Repo\NodeHorarios\pruebas\node_modules\node-swipl
80 info build C:\Users\Portatil-pc\Desktop\Clase\Jose\Repo\NodeHorarios\pruebas\node_modules\node-swipl
81 info linkStuff node-swipl@0.2.0
82 silly linkStuff node-swipl@0.2.0 has C:\Users\Portatil-pc\Desktop\Clase\Jose\Repo\NodeHorarios\pruebas\node_modules as its parent node_modules
83 verbose linkBins node-swipl@0.2.0
84 verbose linkMans node-swipl@0.2.0
85 verbose rebuildBundles node-swipl@0.2.0
86 info install node-swipl@0.2.0
87 verbose unsafe-perm in lifecycle true
88 info node-swipl@0.2.0 Failed to exec install script
89 verbose unlock done using C:\Users\Portatil-pc\AppData\Roaming\npm-cache\_locks\node-swipl-ac15c3ff73cb356d.lock for C:\Users\Portatil-pc\Desktop\Clase\Jose\Repo\NodeHorarios\pruebas\node_modules\node-swipl
90 verbose stack Error: node-swipl@0.2.0 install: `node-gyp configure build`
90 verbose stack Exit status 1
90 verbose stack     at EventEmitter.<anonymous> (D:\Node js\node_modules\npm\lib\utils\lifecycle.js:214:16)
90 verbose stack     at emitTwo (events.js:87:13)
90 verbose stack     at EventEmitter.emit (events.js:172:7)
90 verbose stack     at ChildProcess.<anonymous> (D:\Node js\node_modules\npm\lib\utils\spawn.js:24:14)
90 verbose stack     at emitTwo (events.js:87:13)
90 verbose stack     at ChildProcess.emit (events.js:172:7)
90 verbose stack     at maybeClose (internal/child_process.js:817:16)
90 verbose stack     at Process.ChildProcess._handle.onexit (internal/child_process.js:211:5)
91 verbose pkgid node-swipl@0.2.0
92 verbose cwd C:\Users\Portatil-pc\Desktop\Clase\Jose\Repo\NodeHorarios\pruebas
93 error Windows_NT 10.0.14393
94 error argv "D:\\Node js\\node.exe" "D:\\Node js\\node_modules\\npm\\bin\\npm-cli.js" "install" "node-swipl"
95 error node v4.0.0
96 error npm  v2.14.2
97 error code ELIFECYCLE
98 error node-swipl@0.2.0 install: `node-gyp configure build`
98 error Exit status 1
99 error Failed at the node-swipl@0.2.0 install script 'node-gyp configure build'.
99 error This is most likely a problem with the node-swipl package,
99 error not with npm itself.
99 error Tell the author that this fails on your system:
99 error     node-gyp configure build
99 error You can get their info via:
99 error     npm owner ls node-swipl
99 error There is likely additional logging output above.
100 verbose exit [ 1, true ]
101 verbose unbuild node_modules\node-swipl
102 info preuninstall node-swipl@0.2.0
103 info uninstall node-swipl@0.2.0
104 verbose unbuild rmStuff node-swipl@0.2.0 from C:\Users\Portatil-pc\Desktop\Clase\Jose\Repo\NodeHorarios\pruebas\node_modules
105 info postuninstall node-swipl@0.2.0
106 silly gentlyRm C:\Users\Portatil-pc\Desktop\Clase\Jose\Repo\NodeHorarios\pruebas\node_modules\node-swipl is being purged from base C:\Users\Portatil-pc\Desktop\Clase\Jose\Repo\NodeHorarios\pruebas
107 verbose gentlyRm don't care about contents; nuking C:\Users\Portatil-pc\Desktop\Clase\Jose\Repo\NodeHorarios\pruebas\node_modules\node-swipl
108 silly vacuum-fs purging C:\Users\Portatil-pc\Desktop\Clase\Jose\Repo\NodeHorarios\pruebas\node_modules\node-swipl
109 silly vacuum-fs quitting because other entries in C:\Users\Portatil-pc\Desktop\Clase\Jose\Repo\NodeHorarios\pruebas\node_modules
=======
1 verbose cli [ '/usr/local/bin/node',
1 verbose cli   '/usr/local/bin/npm',
1 verbose cli   'install',
1 verbose cli   'node-swipl' ]
2 info using npm@3.10.8
3 info using node@v6.9.1
4 silly loadCurrentTree Starting
5 silly install loadCurrentTree
6 silly install readLocalPackageData
7 silly fetchPackageMetaData node-swipl
8 silly fetchNamedPackageData node-swipl
9 silly mapToRegistry name node-swipl
10 silly mapToRegistry using default registry
11 silly mapToRegistry registry https://registry.npmjs.org/
12 silly mapToRegistry data Result {
12 silly mapToRegistry   raw: 'node-swipl',
12 silly mapToRegistry   scope: null,
12 silly mapToRegistry   escapedName: 'node-swipl',
12 silly mapToRegistry   name: 'node-swipl',
12 silly mapToRegistry   rawSpec: '',
12 silly mapToRegistry   spec: 'latest',
12 silly mapToRegistry   type: 'tag' }
13 silly mapToRegistry uri https://registry.npmjs.org/node-swipl
14 verbose request uri https://registry.npmjs.org/node-swipl
15 verbose request no auth needed
16 info attempt registry request try #1 at 13:17:18
17 verbose request id d5954c2414dc4240
18 http request GET https://registry.npmjs.org/node-swipl
19 http 200 https://registry.npmjs.org/node-swipl
20 verbose headers { server: 'nginx/1.10.1',
20 verbose headers   'content-type': 'application/json',
20 verbose headers   'last-modified': 'Thu, 12 Jun 2014 01:28:46 GMT',
20 verbose headers   etag: 'W/"5399024e-d13"',
20 verbose headers   'content-encoding': 'gzip',
20 verbose headers   'cache-control': 'max-age=300',
20 verbose headers   'content-length': '1375',
20 verbose headers   'accept-ranges': 'bytes',
20 verbose headers   date: 'Mon, 28 Nov 2016 12:17:18 GMT',
20 verbose headers   via: '1.1 varnish',
20 verbose headers   age: '160',
20 verbose headers   connection: 'keep-alive',
20 verbose headers   'x-served-by': 'cache-ams4132-AMS',
20 verbose headers   'x-cache': 'HIT',
20 verbose headers   'x-cache-hits': '1',
20 verbose headers   'x-timer': 'S1480335438.055672,VS0,VE0',
20 verbose headers   vary: 'Accept-Encoding' }
21 silly get cb [ 200,
21 silly get   { server: 'nginx/1.10.1',
21 silly get     'content-type': 'application/json',
21 silly get     'last-modified': 'Thu, 12 Jun 2014 01:28:46 GMT',
21 silly get     etag: 'W/"5399024e-d13"',
21 silly get     'content-encoding': 'gzip',
21 silly get     'cache-control': 'max-age=300',
21 silly get     'content-length': '1375',
21 silly get     'accept-ranges': 'bytes',
21 silly get     date: 'Mon, 28 Nov 2016 12:17:18 GMT',
21 silly get     via: '1.1 varnish',
21 silly get     age: '160',
21 silly get     connection: 'keep-alive',
21 silly get     'x-served-by': 'cache-ams4132-AMS',
21 silly get     'x-cache': 'HIT',
21 silly get     'x-cache-hits': '1',
21 silly get     'x-timer': 'S1480335438.055672,VS0,VE0',
21 silly get     vary: 'Accept-Encoding' } ]
22 verbose get saving node-swipl to /Users/angelnuneztorron/.npm/registry.npmjs.org/node-swipl/.cache.json
23 verbose correctMkdir /Users/angelnuneztorron/.npm correctMkdir not in flight; initializing
24 silly install normalizeTree
25 silly loadCurrentTree Finishing
26 silly loadIdealTree Starting
27 silly install loadIdealTree
28 silly cloneCurrentTree Starting
29 silly install cloneCurrentTreeToIdealTree
30 silly cloneCurrentTree Finishing
31 silly loadShrinkwrap Starting
32 silly install loadShrinkwrap
33 silly loadShrinkwrap Finishing
34 silly loadAllDepsIntoIdealTree Starting
35 silly install loadAllDepsIntoIdealTree
36 silly resolveWithNewModule node-swipl@0.2.0 checking installable status
37 silly cache add args [ 'node-swipl', null ]
38 verbose cache add spec node-swipl
39 silly cache add parsed spec Result {
39 silly cache add   raw: 'node-swipl',
39 silly cache add   scope: null,
39 silly cache add   escapedName: 'node-swipl',
39 silly cache add   name: 'node-swipl',
39 silly cache add   rawSpec: '',
39 silly cache add   spec: 'latest',
39 silly cache add   type: 'tag' }
40 silly addNamed node-swipl@latest
41 verbose addNamed "latest" is being treated as a dist-tag for node-swipl
42 info addNameTag [ 'node-swipl', 'latest' ]
43 silly mapToRegistry name node-swipl
44 silly mapToRegistry using default registry
45 silly mapToRegistry registry https://registry.npmjs.org/
46 silly mapToRegistry data Result {
46 silly mapToRegistry   raw: 'node-swipl',
46 silly mapToRegistry   scope: null,
46 silly mapToRegistry   escapedName: 'node-swipl',
46 silly mapToRegistry   name: 'node-swipl',
46 silly mapToRegistry   rawSpec: '',
46 silly mapToRegistry   spec: 'latest',
46 silly mapToRegistry   type: 'tag' }
47 silly mapToRegistry uri https://registry.npmjs.org/node-swipl
48 verbose addNameTag registry:https://registry.npmjs.org/node-swipl not in flight; fetching
49 verbose get https://registry.npmjs.org/node-swipl not expired, no request
50 silly addNameTag next cb for node-swipl with tag latest
51 silly addNamed node-swipl@0.2.0
52 verbose addNamed "0.2.0" is a plain semver version for node-swipl
53 silly mapToRegistry name node-swipl
54 silly mapToRegistry using default registry
55 silly mapToRegistry registry https://registry.npmjs.org/
56 silly mapToRegistry data Result {
56 silly mapToRegistry   raw: 'node-swipl',
56 silly mapToRegistry   scope: null,
56 silly mapToRegistry   escapedName: 'node-swipl',
56 silly mapToRegistry   name: 'node-swipl',
56 silly mapToRegistry   rawSpec: '',
56 silly mapToRegistry   spec: 'latest',
56 silly mapToRegistry   type: 'tag' }
57 silly mapToRegistry uri https://registry.npmjs.org/node-swipl
58 verbose addRemoteTarball https://registry.npmjs.org/node-swipl/-/node-swipl-0.2.0.tgz not in flight; adding
59 verbose addRemoteTarball [ 'https://registry.npmjs.org/node-swipl/-/node-swipl-0.2.0.tgz',
59 verbose addRemoteTarball   '19c32d02eb9412957bb4df43fa8b6ceeab38c90b' ]
60 info retry fetch attempt 1 at 13:17:19
61 info attempt registry request try #1 at 13:17:19
62 http fetch GET https://registry.npmjs.org/node-swipl/-/node-swipl-0.2.0.tgz
63 http fetch 200 https://registry.npmjs.org/node-swipl/-/node-swipl-0.2.0.tgz
64 silly fetchAndShaCheck shasum 19c32d02eb9412957bb4df43fa8b6ceeab38c90b
65 verbose addTmpTarball /var/folders/pk/ygqlsr3j19d16x9hk9shkgvc0000gn/T/npm-71724-e8aa0054/registry.npmjs.org/node-swipl/-/node-swipl-0.2.0.tgz not in flight; adding
66 verbose addTmpTarball already have metadata; skipping unpack for node-swipl@0.2.0
67 verbose correctMkdir /Users/angelnuneztorron/.npm correctMkdir not in flight; initializing
68 silly cache afterAdd node-swipl@0.2.0
69 verbose afterAdd /Users/angelnuneztorron/.npm/node-swipl/0.2.0/package/package.json not in flight; writing
70 verbose correctMkdir /Users/angelnuneztorron/.npm correctMkdir not in flight; initializing
71 verbose afterAdd /Users/angelnuneztorron/.npm/node-swipl/0.2.0/package/package.json written
72 silly loadAllDepsIntoIdealTree Finishing
73 silly loadIdealTree Finishing
74 silly currentTree pruebas
74 silly currentTree └── jsprolog@0.1.2
75 silly idealTree pruebas
75 silly idealTree ├── jsprolog@0.1.2
75 silly idealTree └── node-swipl@0.2.0
76 silly generateActionsToTake Starting
77 silly install generateActionsToTake
78 silly generateActionsToTake Finishing
79 silly diffTrees action count 1
80 silly diffTrees add node-swipl@0.2.0
81 silly decomposeActions action count 8
82 silly decomposeActions fetch node-swipl@0.2.0
83 silly decomposeActions extract node-swipl@0.2.0
84 silly decomposeActions test node-swipl@0.2.0
85 silly decomposeActions preinstall node-swipl@0.2.0
86 silly decomposeActions build node-swipl@0.2.0
87 silly decomposeActions install node-swipl@0.2.0
88 silly decomposeActions postinstall node-swipl@0.2.0
89 silly decomposeActions finalize node-swipl@0.2.0
90 silly runTopLevelLifecycles Starting
91 silly executeActions Starting
92 silly install executeActions
93 silly doSerial global-install 0
94 silly doParallel fetch 1
95 verbose correctMkdir /Users/angelnuneztorron/.npm/_locks correctMkdir not in flight; initializing
96 verbose lock using /Users/angelnuneztorron/.npm/_locks/staging-f0b1a0a01716bb15.lock for /Users/angelnuneztorron/Desktop/TimeTableManager/NodeHorarios/pruebas/node_modules/.staging
97 silly doParallel extract 1
98 silly extract node-swipl@0.2.0
99 verbose unbuild node_modules/.staging/node-swipl-6c5d90fa
100 silly gentlyRm /Users/angelnuneztorron/Desktop/TimeTableManager/NodeHorarios/pruebas/node_modules/.staging/node-swipl-6c5d90fa is being purged from base /Users/angelnuneztorron/Desktop/TimeTableManager/NodeHorarios/pruebas
101 verbose gentlyRm don't care about contents; nuking /Users/angelnuneztorron/Desktop/TimeTableManager/NodeHorarios/pruebas/node_modules/.staging/node-swipl-6c5d90fa
102 verbose tar unpack /Users/angelnuneztorron/.npm/node-swipl/0.2.0/package.tgz
103 verbose tar unpacking to /Users/angelnuneztorron/Desktop/TimeTableManager/NodeHorarios/pruebas/node_modules/.staging/node-swipl-6c5d90fa
104 silly gentlyRm /Users/angelnuneztorron/Desktop/TimeTableManager/NodeHorarios/pruebas/node_modules/.staging/node-swipl-6c5d90fa is being purged
105 verbose gentlyRm don't care about contents; nuking /Users/angelnuneztorron/Desktop/TimeTableManager/NodeHorarios/pruebas/node_modules/.staging/node-swipl-6c5d90fa
106 silly gunzTarPerm modes [ '755', '644' ]
107 silly gunzTarPerm extractEntry package.json
108 silly gunzTarPerm extractEntry .npmignore
109 silly gunzTarPerm extractEntry README.md
110 silly gunzTarPerm extractEntry swipl.js
111 silly gunzTarPerm extractEntry binding.gyp
112 silly gunzTarPerm extractEntry src/SWI-Prolog.h
113 silly gunzTarPerm extractEntry src/libswipl.cc
114 silly gunzTarPerm extractEntry src/libswipl.h
115 silly gunzTarPerm extractEntry tests/a.js
116 silly gunzTarPerm extractEntry tests/fisch.js
117 silly gunzTarPerm extractEntry tests/org.js
118 silly gunzTarPerm extractEntry tests/fisch.pl
119 silly gentlyRm /Users/angelnuneztorron/Desktop/TimeTableManager/NodeHorarios/pruebas/node_modules/.staging/node-swipl-6c5d90fa/node_modules is being purged
120 verbose gentlyRm don't care about contents; nuking /Users/angelnuneztorron/Desktop/TimeTableManager/NodeHorarios/pruebas/node_modules/.staging/node-swipl-6c5d90fa/node_modules
121 silly doParallel preinstall 1
122 silly preinstall node-swipl@0.2.0 /Users/angelnuneztorron/Desktop/TimeTableManager/NodeHorarios/pruebas/node_modules/.staging/node-swipl-6c5d90fa
123 info lifecycle node-swipl@0.2.0~preinstall: node-swipl@0.2.0
124 silly lifecycle node-swipl@0.2.0~preinstall: no script for preinstall, continuing
125 silly doReverseSerial remove 0
126 silly doSerial move 0
127 silly doSerial finalize 1
128 silly finalize /Users/angelnuneztorron/Desktop/TimeTableManager/NodeHorarios/pruebas/node_modules/node-swipl
129 silly doSerial build 1
130 silly build node-swipl@0.2.0
131 info linkStuff node-swipl@0.2.0
132 silly linkStuff node-swipl@0.2.0 has /Users/angelnuneztorron/Desktop/TimeTableManager/NodeHorarios/pruebas/node_modules as its parent node_modules
133 verbose linkBins node-swipl@0.2.0
134 verbose linkMans node-swipl@0.2.0
135 silly doSerial global-link 0
136 silly doParallel update-linked 0
137 silly doSerial install 1
138 silly install node-swipl@0.2.0 /Users/angelnuneztorron/Desktop/TimeTableManager/NodeHorarios/pruebas/node_modules/.staging/node-swipl-6c5d90fa
139 info lifecycle node-swipl@0.2.0~install: node-swipl@0.2.0
140 verbose lifecycle node-swipl@0.2.0~install: unsafe-perm in lifecycle true
141 verbose lifecycle node-swipl@0.2.0~install: PATH: /usr/local/lib/node_modules/npm/bin/node-gyp-bin:/Users/angelnuneztorron/Desktop/TimeTableManager/NodeHorarios/pruebas/node_modules/node-swipl/node_modules/.bin:/Users/angelnuneztorron/Desktop/TimeTableManager/NodeHorarios/pruebas/node_modules/.bin:/Library/Frameworks/Python.framework/Versions/3.5/bin:/usr/local/bin:/usr/bin:/bin:/usr/sbin:/sbin:/opt/X11/bin
142 verbose lifecycle node-swipl@0.2.0~install: CWD: /Users/angelnuneztorron/Desktop/TimeTableManager/NodeHorarios/pruebas/node_modules/node-swipl
143 silly lifecycle node-swipl@0.2.0~install: Args: [ '-c', 'node-gyp configure build' ]
144 silly lifecycle node-swipl@0.2.0~install: Returned: code: 1  signal: null
145 info lifecycle node-swipl@0.2.0~install: Failed to exec install script
146 verbose unlock done using /Users/angelnuneztorron/.npm/_locks/staging-f0b1a0a01716bb15.lock for /Users/angelnuneztorron/Desktop/TimeTableManager/NodeHorarios/pruebas/node_modules/.staging
147 silly rollbackFailedOptional Starting
148 silly rollbackFailedOptional Finishing
149 silly runTopLevelLifecycles Finishing
150 silly install printInstalled
151 warn enoent ENOENT: no such file or directory, open '/Users/angelnuneztorron/Desktop/TimeTableManager/NodeHorarios/pruebas/package.json'
152 verbose enoent ENOENT: no such file or directory, open '/Users/angelnuneztorron/Desktop/TimeTableManager/NodeHorarios/pruebas/package.json'
152 verbose enoent This is most likely not a problem with npm itself
152 verbose enoent and is related to npm not being able to find a file.
153 warn pruebas No description
154 verbose If you need help, you may report this error at:
154 verbose     <https://github.com/npm/npm/issues>
155 warn pruebas No repository field.
156 verbose If you need help, you may report this error at:
156 verbose     <https://github.com/npm/npm/issues>
157 warn pruebas No README data
158 verbose If you need help, you may report this error at:
158 verbose     <https://github.com/npm/npm/issues>
159 warn pruebas No license field.
160 verbose If you need help, you may report this error at:
160 verbose     <https://github.com/npm/npm/issues>
161 verbose stack Error: node-swipl@0.2.0 install: `node-gyp configure build`
161 verbose stack Exit status 1
161 verbose stack     at EventEmitter.<anonymous> (/usr/local/lib/node_modules/npm/lib/utils/lifecycle.js:255:16)
161 verbose stack     at emitTwo (events.js:106:13)
161 verbose stack     at EventEmitter.emit (events.js:191:7)
161 verbose stack     at ChildProcess.<anonymous> (/usr/local/lib/node_modules/npm/lib/utils/spawn.js:40:14)
161 verbose stack     at emitTwo (events.js:106:13)
161 verbose stack     at ChildProcess.emit (events.js:191:7)
161 verbose stack     at maybeClose (internal/child_process.js:877:16)
161 verbose stack     at Process.ChildProcess._handle.onexit (internal/child_process.js:226:5)
162 verbose pkgid node-swipl@0.2.0
163 verbose cwd /Users/angelnuneztorron/Desktop/TimeTableManager/NodeHorarios/pruebas
164 error Darwin 14.4.0
165 error argv "/usr/local/bin/node" "/usr/local/bin/npm" "install" "node-swipl"
166 error node v6.9.1
167 error npm  v3.10.8
168 error code ELIFECYCLE
169 error node-swipl@0.2.0 install: `node-gyp configure build`
169 error Exit status 1
170 error Failed at the node-swipl@0.2.0 install script 'node-gyp configure build'.
170 error Make sure you have the latest version of node.js and npm installed.
170 error If you do, this is most likely a problem with the node-swipl package,
170 error not with npm itself.
170 error Tell the author that this fails on your system:
170 error     node-gyp configure build
170 error You can get information on how to open an issue for this project with:
170 error     npm bugs node-swipl
170 error Or if that isn't available, you can get their info via:
170 error     npm owner ls node-swipl
170 error There is likely additional logging output above.
171 verbose exit [ 1, true ]
>>>>>>> Stashed changes
